<?xml version="1.0" encoding="UTF-8"?>
<!-- Generated by org.testng.reporters.JUnitReportReporter -->
<testsuite hostname="INDSAF-93BY854" failures="0" tests="1" name="runner.TC001_Create_SalesLeadUI" time="30.222" errors="0" timestamp="2025-04-24T13:04:02 SAST" skipped="0">
  <testcase classname="runner.TC001_Create_SalesLeadUI" name="createLead" time="30.222"/>
</testsuite> <!-- runner.TC001_Create_SalesLeadUI -->
