<?xml version="1.0" encoding="UTF-8"?>
<!-- Generated by org.testng.reporters.JUnitReportReporter -->
<testsuite hostname="INDSAF-93BY854" failures="0" tests="1" name="Create_LeadsAPI.Create_Opportunity_API" time="5.565" errors="0" timestamp="2025-04-24T13:04:02 SAST" skipped="0">
  <testcase classname="Create_LeadsAPI.Create_Opportunity_API" name="runAPICRUD" time="5.565"/>
</testsuite> <!-- Create_LeadsAPI.Create_Opportunity_API -->
