<?xml version="1.0" encoding="UTF-8"?>
<!-- Generated by org.testng.reporters.JUnitReportReporter -->
<testsuite hostname="INDSAF-93BY854" failures="0" tests="1" name="runner.RunCucumberTest" time="30.942" errors="0" timestamp="2025-04-24T12:29:05 SAST" skipped="0">
  <testcase classname="runner.RunCucumberTest" name="runScenario" time="30.942"/>
</testsuite> <!-- runner.RunCucumberTest -->
